<?xml version="1.0" encoding="UTF-8"?>
<!-- Generated by org.testng.reporters.JUnitReportReporter -->
<testsuite hostname="LAPTOP-PJ7L08O1" failures="0" tests="1" name="AppiumPortfolioProject.AppiumFramework.ECommerce_tc_4" time="27.605" errors="0" timestamp="13 Jan 2023 16:56:53 GMT" skipped="0">
  <testcase classname="AppiumPortfolioProject.AppiumFramework.ECommerce_tc_4" name="FillForm" time="27.605"/>
</testsuite> <!-- AppiumPortfolioProject.AppiumFramework.ECommerce_tc_4 -->
