<?xml version="1.0" encoding="UTF-8"?>
<!-- Generated by org.testng.reporters.JUnitReportReporter -->
<testsuite hostname="LAPTOP-PJ7L08O1" failures="0" tests="1" name="AppiumPortfolioProject.AppiumFramework.AppiumBasics" time="11.375" errors="0" timestamp="09 Jan 2023 00:42:47 GMT" skipped="0">
  <testcase classname="AppiumPortfolioProject.AppiumFramework.AppiumBasics" name="WifiSettingsName" time="11.375"/>
</testsuite> <!-- AppiumPortfolioProject.AppiumFramework.AppiumBasics -->
