<?xml version="1.0" encoding="UTF-8"?>
<!-- Generated by org.testng.reporters.JUnitReportReporter -->
<testsuite hostname="LAPTOP-PJ7L08O1" failures="0" tests="1" name="AppiumPortfolioProject.AppiumFramework.ECommerce_tc_3" time="29.296" errors="0" timestamp="12 Jan 2023 20:14:17 GMT" skipped="0">
  <testcase classname="AppiumPortfolioProject.AppiumFramework.ECommerce_tc_3" name="FillForm" time="29.296"/>
</testsuite> <!-- AppiumPortfolioProject.AppiumFramework.ECommerce_tc_3 -->
