<?xml version="1.0" encoding="UTF-8"?>
<!-- Generated by org.testng.reporters.JUnitReportReporter -->
<testsuite hostname="LAPTOP-PJ7L08O1" failures="0" tests="1" name="AppiumPortfolioProject.AppiumFramework.MiscAppium" time="12.613" errors="0" timestamp="11 Jan 2023 14:14:26 GMT" skipped="0">
  <testcase classname="AppiumPortfolioProject.AppiumFramework.MiscAppium" name="Miscellaneous" time="12.613"/>
</testsuite> <!-- AppiumPortfolioProject.AppiumFramework.MiscAppium -->
