<?xml version="1.0" encoding="UTF-8"?>
<!-- Generated by org.testng.reporters.JUnitReportReporter -->
<testsuite hostname="LAPTOP-PJ7L08O1" failures="0" tests="1" name="AppiumPortfolioProject.AppiumFramework.ScrollDemo" time="38.129" errors="0" timestamp="10 Jan 2023 23:21:08 GMT" skipped="0">
  <testcase classname="AppiumPortfolioProject.AppiumFramework.ScrollDemo" name="ScrollDemoTest" time="38.129"/>
</testsuite> <!-- AppiumPortfolioProject.AppiumFramework.ScrollDemo -->
