<?xml version="1.0" encoding="UTF-8"?>
<!-- Generated by org.testng.reporters.JUnitReportReporter -->
<testsuite hostname="LAPTOP-PJ7L08O1" failures="0" tests="1" name="AppiumPortfolioProject.AppiumFramework.LongPress" time="6.906" errors="0" timestamp="09 Jan 2023 23:17:37 GMT" skipped="0">
  <testcase classname="AppiumPortfolioProject.AppiumFramework.LongPress" name="WifiSettingsName" time="6.906"/>
</testsuite> <!-- AppiumPortfolioProject.AppiumFramework.LongPress -->
