<?xml version="1.0" encoding="UTF-8"?>
<!-- Generated by org.testng.reporters.JUnitReportReporter -->
<testsuite hostname="LAPTOP-PJ7L08O1" failures="0" tests="1" name="AppiumPortfolioProject.AppiumFramework.MobileBrowserTest" time="8.605" errors="0" timestamp="16 Jan 2023 22:29:14 GMT" skipped="0">
  <testcase classname="AppiumPortfolioProject.AppiumFramework.MobileBrowserTest" name="browserTest" time="8.605"/>
</testsuite> <!-- AppiumPortfolioProject.AppiumFramework.MobileBrowserTest -->
