<?xml version="1.0" encoding="UTF-8"?>
<!-- Generated by org.testng.reporters.JUnitReportReporter -->
<testsuite hostname="LAPTOP-PJ7L08O1" failures="0" tests="1" name="AppiumPortfolioProject.AppiumFramework.ECommerce_tc_4_Hybrid" time="38.115" errors="0" timestamp="16 Jan 2023 04:31:36 GMT" skipped="0">
  <testcase classname="AppiumPortfolioProject.AppiumFramework.ECommerce_tc_4_Hybrid" name="FillForm" time="38.115"/>
</testsuite> <!-- AppiumPortfolioProject.AppiumFramework.ECommerce_tc_4_Hybrid -->
