<?xml version="1.0" encoding="UTF-8"?>
<!-- Generated by org.testng.reporters.JUnitReportReporter -->
<testsuite hostname="LAPTOP-PJ7L08O1" failures="0" tests="2" name="AppiumPortfolioProject.AppiumFramework.AlertDialogsDemo" time="4.916" errors="0" timestamp="11 Jan 2023 03:11:56 GMT" skipped="0">
  <testcase classname="AppiumPortfolioProject.AppiumFramework.AlertDialogsDemo" name="OkCancelLongMessageDemoTest" time="1.409"/>
  <testcase classname="AppiumPortfolioProject.AppiumFramework.AlertDialogsDemo" name="OkCancelDialogsDemoTest" time="3.507"/>
</testsuite> <!-- AppiumPortfolioProject.AppiumFramework.AlertDialogsDemo -->
