<?xml version="1.0" encoding="UTF-8"?>
<!-- Generated by org.testng.reporters.JUnitReportReporter -->
<testsuite hostname="LAPTOP-PJ7L08O1" failures="0" tests="1" name="AppiumPortfolioProject.AppiumFramework.ECommerce_tc_2" time="23.761" errors="0" timestamp="12 Jan 2023 16:37:31 GMT" skipped="0">
  <testcase classname="AppiumPortfolioProject.AppiumFramework.ECommerce_tc_2" name="FillForm" time="23.761"/>
</testsuite> <!-- AppiumPortfolioProject.AppiumFramework.ECommerce_tc_2 -->
